[DEBUG] [2021-05-11 11:14] testDataSource()
[DEBUG] [2021-05-11 11:14] DataSource HikariDataSource (HikariPool-1)
[DEBUG] [2021-05-11 11:14] LoginTimeout 30
[DEBUG] [2021-05-11 11:14] testSqlSessionFactory()
[DEBUG] [2021-05-11 11:14] session org.apache.ibatis.session.defaults.DefaultSqlSession@2b4c1d96
[DEBUG] [2021-05-11 11:16] testDataSource()
[DEBUG] [2021-05-11 11:16] DataSource HikariDataSource (HikariPool-1)
[DEBUG] [2021-05-11 11:16] LoginTimeout 30
[DEBUG] [2021-05-11 11:16] testSqlSessionFactory()
[DEBUG] [2021-05-11 11:16] session org.apache.ibatis.session.defaults.DefaultSqlSession@c9afea0
[DEBUG] [2021-05-11 14:12] testDataSource()
[DEBUG] [2021-05-11 14:12] DataSource HikariDataSource (HikariPool-1)
[DEBUG] [2021-05-11 14:12] LoginTimeout 30
[DEBUG] [2021-05-11 14:17] testDataSource()
[DEBUG] [2021-05-11 14:17] DataSource HikariDataSource (HikariPool-1)
[DEBUG] [2021-05-11 14:17] LoginTimeout 30
[DEBUG] [2021-05-11 14:17] testSqlSessionFactory()
[DEBUG] [2021-05-11 14:17] session org.apache.ibatis.session.defaults.DefaultSqlSession@549949be
[DEBUG] [2021-05-11 14:24] testDataSource()
[DEBUG] [2021-05-11 14:24] DataSource HikariDataSource (HikariPool-1)
[DEBUG] [2021-05-11 14:24] LoginTimeout 30
[DEBUG] [2021-05-11 14:24] testSqlSessionFactory()
[DEBUG] [2021-05-11 14:24] session org.apache.ibatis.session.defaults.DefaultSqlSession@53fbde75
[DEBUG] [2021-05-11 14:24] testSelectStudentById()
[DEBUG] [2021-05-11 14:24] ==>  Preparing: select stud_id, name, email, dob, phone from students where stud_id = ?
[DEBUG] [2021-05-11 14:24] ==> Parameters: 1(Integer)
[TRACE] [2021-05-11 14:24] <==    Columns: stud_id, name, email, dob, phone
[TRACE] [2021-05-11 14:24] <==        Row: 1, Timothy, timothy@gmail.com, 1988-04-25, 123-123-1234
[DEBUG] [2021-05-11 14:24] <==      Total: 1
[DEBUG] [2021-05-11 14:24] Student [StudId=1, name=Timothy, email=timothy@gmail.com, phone=PhoneNumber [123-123-1234], dob=Mon Apr 25 00:00:00 KST 1988]
[DEBUG] [2021-05-11 14:24] testDataSource()
[DEBUG] [2021-05-11 14:24] DataSource HikariDataSource (HikariPool-1)
[DEBUG] [2021-05-11 14:24] LoginTimeout 30
[DEBUG] [2021-05-11 14:24] testSqlSessionFactory()
[DEBUG] [2021-05-11 14:24] session org.apache.ibatis.session.defaults.DefaultSqlSession@53fbde75
[DEBUG] [2021-05-11 14:24] testSelectStudentById()
[DEBUG] [2021-05-11 14:24] ==>  Preparing: select stud_id, name, email, dob, phone from students where stud_id = ?
[DEBUG] [2021-05-11 14:24] ==> Parameters: 1(Integer)
[TRACE] [2021-05-11 14:24] <==    Columns: stud_id, name, email, dob, phone
[TRACE] [2021-05-11 14:24] <==        Row: 1, Timothy, timothy@gmail.com, 1988-04-25, 123-123-1234
[DEBUG] [2021-05-11 14:24] <==      Total: 1
[DEBUG] [2021-05-11 14:24] Student [StudId=1, name=Timothy, email=timothy@gmail.com, phone=PhoneNumber [123-123-1234], dob=Mon Apr 25 00:00:00 KST 1988]
[DEBUG] [2021-05-11 14:42] testDataSource()
[DEBUG] [2021-05-11 14:42] DataSource HikariDataSource (HikariPool-1)
[DEBUG] [2021-05-11 14:42] LoginTimeout 30
[DEBUG] [2021-05-11 14:42] testSqlSessionFactory()
[DEBUG] [2021-05-11 14:42] session org.apache.ibatis.session.defaults.DefaultSqlSession@40687551
[DEBUG] [2021-05-11 14:42] testSelectStudentByIdWithResultMap()
[DEBUG] [2021-05-11 14:42] ==>  Preparing: select stud_id, name, email, dob , substring(phone, 1, 3) as f , substring(phone, 5, 3) as m , substring(phone, 9, 4) as l from students where stud_id = ?
[DEBUG] [2021-05-11 14:42] ==> Parameters: 1(Integer)
[TRACE] [2021-05-11 14:42] <==    Columns: stud_id, name, email, dob, f, m, l
[TRACE] [2021-05-11 14:42] <==        Row: 1, Timothy, timothy@gmail.com, 1988-04-25, 123, 123, 1234
[DEBUG] [2021-05-11 14:42] <==      Total: 1
[DEBUG] [2021-05-11 14:42] Student [StudId=1, name=Timothy, email=timothy@gmail.com, phone=PhoneNumber [123-123-1234], dob=Mon Apr 25 00:00:00 KST 1988]
[DEBUG] [2021-05-11 14:42] testSelectStudentById()
[DEBUG] [2021-05-11 14:42] ==>  Preparing: select stud_id, name, email, dob, phone from students where stud_id = ?
[DEBUG] [2021-05-11 14:42] ==> Parameters: 1(Integer)
[TRACE] [2021-05-11 14:42] <==    Columns: stud_id, name, email, dob, phone
[TRACE] [2021-05-11 14:42] <==        Row: 1, Timothy, timothy@gmail.com, 1988-04-25, 123-123-1234
[DEBUG] [2021-05-11 14:42] <==      Total: 1
[DEBUG] [2021-05-11 14:42] Student [StudId=1, name=Timothy, email=timothy@gmail.com, phone=PhoneNumber [123-123-1234], dob=Mon Apr 25 00:00:00 KST 1988]
[DEBUG] [2021-05-11 14:43] testDataSource()
[DEBUG] [2021-05-11 14:43] DataSource HikariDataSource (HikariPool-1)
[DEBUG] [2021-05-11 14:43] LoginTimeout 30
[DEBUG] [2021-05-11 14:43] testSqlSessionFactory()
[DEBUG] [2021-05-11 14:43] session org.apache.ibatis.session.defaults.DefaultSqlSession@40687551
[DEBUG] [2021-05-11 14:43] testSelectStudentByIdWithResultMap()
[DEBUG] [2021-05-11 14:43] ==>  Preparing: select stud_id, name, email, dob , substring(phone, 1, 3) as f , substring(phone, 5, 3) as m , substring(phone, 9, 4) as l from students where stud_id = ?
[DEBUG] [2021-05-11 14:43] ==> Parameters: 1(Integer)
[TRACE] [2021-05-11 14:43] <==    Columns: stud_id, name, email, dob, f, m, l
[TRACE] [2021-05-11 14:43] <==        Row: 1, Timothy, timothy@gmail.com, 1988-04-25, 123, 123, 1234
[DEBUG] [2021-05-11 14:43] <==      Total: 1
[DEBUG] [2021-05-11 14:43] Student [StudId=1, name=Timothy, email=timothy@gmail.com, phone=PhoneNumber [123-123-1234], dob=Mon Apr 25 00:00:00 KST 1988]
[DEBUG] [2021-05-11 14:43] testSelectStudentById()
[DEBUG] [2021-05-11 14:43] ==>  Preparing: select stud_id, name, email, dob, phone from students where stud_id = ?
[DEBUG] [2021-05-11 14:43] ==> Parameters: 1(Integer)
[TRACE] [2021-05-11 14:43] <==    Columns: stud_id, name, email, dob, phone
[TRACE] [2021-05-11 14:43] <==        Row: 1, Timothy, timothy@gmail.com, 1988-04-25, 123-123-1234
[DEBUG] [2021-05-11 14:43] <==      Total: 1
[DEBUG] [2021-05-11 14:43] Student [StudId=1, name=Timothy, email=timothy@gmail.com, phone=PhoneNumber [123-123-1234], dob=Mon Apr 25 00:00:00 KST 1988]
[DEBUG] [2021-05-11 14:45] testDataSource()
[DEBUG] [2021-05-11 14:45] DataSource HikariDataSource (HikariPool-1)
[DEBUG] [2021-05-11 14:45] LoginTimeout 30
[DEBUG] [2021-05-11 14:45] testSqlSessionFactory()
[DEBUG] [2021-05-11 14:45] session org.apache.ibatis.session.defaults.DefaultSqlSession@40687551
[DEBUG] [2021-05-11 14:45] testSelectStudentByIdWithResultMap()
[DEBUG] [2021-05-11 14:45] ==>  Preparing: select stud_id, name, email, dob , substring(phone, 1, 3) as f , substring(phone, 5, 3) as m , substring(phone, 9, 4) as l from students where stud_id = ?
[DEBUG] [2021-05-11 14:45] ==> Parameters: 1(Integer)
[TRACE] [2021-05-11 14:45] <==    Columns: stud_id, name, email, dob, f, m, l
[TRACE] [2021-05-11 14:45] <==        Row: 1, Timothy, timothy@gmail.com, 1988-04-25, 123, 123, 1234
[DEBUG] [2021-05-11 14:45] <==      Total: 1
[DEBUG] [2021-05-11 14:45] Student [1,Timothy,timothy@gmail.com,PhoneNumber [123-123-1234],Mon Apr 25 00:00:00 KST 1988]
[DEBUG] [2021-05-11 14:45] testSelectStudentById()
[DEBUG] [2021-05-11 14:45] ==>  Preparing: select stud_id, name, email, dob, phone from students where stud_id = ?
[DEBUG] [2021-05-11 14:45] ==> Parameters: 1(Integer)
[TRACE] [2021-05-11 14:45] <==    Columns: stud_id, name, email, dob, phone
[TRACE] [2021-05-11 14:45] <==        Row: 1, Timothy, timothy@gmail.com, 1988-04-25, 123-123-1234
[DEBUG] [2021-05-11 14:45] <==      Total: 1
[DEBUG] [2021-05-11 14:45] Student [1,Timothy,timothy@gmail.com,PhoneNumber [123-123-1234],Mon Apr 25 00:00:00 KST 1988]
[DEBUG] [2021-05-11 14:49] testDataSource()
[DEBUG] [2021-05-11 14:49] DataSource HikariDataSource (HikariPool-1)
[DEBUG] [2021-05-11 14:49] LoginTimeout 30
[DEBUG] [2021-05-11 14:49] testSqlSessionFactory()
[DEBUG] [2021-05-11 14:49] session org.apache.ibatis.session.defaults.DefaultSqlSession@69055e42
[DEBUG] [2021-05-11 14:49] testSelectStudentByAll()
[DEBUG] [2021-05-11 14:49] ==>  Preparing: select stud_id as studId, name, email, phone, dob from students
[DEBUG] [2021-05-11 14:49] ==> Parameters: 
[TRACE] [2021-05-11 14:49] <==    Columns: studId, name, email, phone, dob
[TRACE] [2021-05-11 14:49] <==        Row: 1, Timothy, timothy@gmail.com, 123-123-1234, 1988-04-25
[TRACE] [2021-05-11 14:49] <==        Row: 2, Douglas, douglas@gmail.com, 789-456-1234, 1990-08-15
[DEBUG] [2021-05-11 14:49] <==      Total: 2
[DEBUG] [2021-05-11 14:49] testSelectStudentByIdWithResultMap()
[DEBUG] [2021-05-11 14:49] ==>  Preparing: select stud_id, name, email, dob , substring(phone, 1, 3) as f , substring(phone, 5, 3) as m , substring(phone, 9, 4) as l from students where stud_id = ?
[DEBUG] [2021-05-11 14:49] ==> Parameters: 1(Integer)
[TRACE] [2021-05-11 14:49] <==    Columns: stud_id, name, email, dob, f, m, l
[TRACE] [2021-05-11 14:49] <==        Row: 1, Timothy, timothy@gmail.com, 1988-04-25, 123, 123, 1234
[DEBUG] [2021-05-11 14:49] <==      Total: 1
[DEBUG] [2021-05-11 14:49] Student [1,Timothy,timothy@gmail.com,PhoneNumber [123-123-1234],Mon Apr 25 00:00:00 KST 1988]
[DEBUG] [2021-05-11 14:49] testSelectStudentById()
[DEBUG] [2021-05-11 14:49] ==>  Preparing: select stud_id, name, email, dob, phone from students where stud_id = ?
[DEBUG] [2021-05-11 14:49] ==> Parameters: 1(Integer)
[TRACE] [2021-05-11 14:49] <==    Columns: stud_id, name, email, dob, phone
[TRACE] [2021-05-11 14:49] <==        Row: 1, Timothy, timothy@gmail.com, 1988-04-25, 123-123-1234
[DEBUG] [2021-05-11 14:49] <==      Total: 1
[DEBUG] [2021-05-11 14:49] Student [1,Timothy,timothy@gmail.com,PhoneNumber [123-123-1234],Mon Apr 25 00:00:00 KST 1988]
[DEBUG] [2021-05-11 15:07] testDataSource()
[DEBUG] [2021-05-11 15:07] DataSource HikariDataSource (HikariPool-1)
[DEBUG] [2021-05-11 15:07] LoginTimeout 30
[DEBUG] [2021-05-11 15:07] testSqlSessionFactory()
[DEBUG] [2021-05-11 15:07] session org.apache.ibatis.session.defaults.DefaultSqlSession@40687551
[DEBUG] [2021-05-11 15:07] testSelectStudentByAll()
[DEBUG] [2021-05-11 15:07] ==>  Preparing: select stud_id, name, email, dob, phone from students
[DEBUG] [2021-05-11 15:07] ==> Parameters: 
[TRACE] [2021-05-11 15:07] <==    Columns: stud_id, name, email, dob, phone
[TRACE] [2021-05-11 15:07] <==        Row: 1, Timothy, timothy@gmail.com, 1988-04-25, 123-123-1234
[TRACE] [2021-05-11 15:07] <==        Row: 2, Douglas, douglas@gmail.com, 1990-08-15, 789-456-1234
[DEBUG] [2021-05-11 15:07] <==      Total: 2
[DEBUG] [2021-05-11 15:07] testSelectStudentByIdWithResultMap()
[DEBUG] [2021-05-11 15:07] ==>  Preparing: select stud_id, name, email, dob , substring(phone, 1, 3) as f , substring(phone, 5, 3) as m , substring(phone, 9, 4) as l from students where stud_id = ?
[DEBUG] [2021-05-11 15:07] ==> Parameters: 1(Integer)
[TRACE] [2021-05-11 15:07] <==    Columns: stud_id, name, email, dob, f, m, l
[TRACE] [2021-05-11 15:07] <==        Row: 1, Timothy, timothy@gmail.com, 1988-04-25, 123, 123, 1234
[DEBUG] [2021-05-11 15:07] <==      Total: 1
[DEBUG] [2021-05-11 15:07] Student [1,Timothy,timothy@gmail.com,PhoneNumber [123-123-1234],Mon Apr 25 00:00:00 KST 1988]
[DEBUG] [2021-05-11 15:07] testSelectStudentById()
[DEBUG] [2021-05-11 15:07] ==>  Preparing: select stud_id, name, email, dob, phone from students where stud_id = ?
[DEBUG] [2021-05-11 15:07] ==> Parameters: 1(Integer)
[TRACE] [2021-05-11 15:07] <==    Columns: stud_id, name, email, dob, phone
[TRACE] [2021-05-11 15:07] <==        Row: 1, Timothy, timothy@gmail.com, 1988-04-25, 123-123-1234
[DEBUG] [2021-05-11 15:07] <==      Total: 1
[DEBUG] [2021-05-11 15:07] Student [1,Timothy,timothy@gmail.com,PhoneNumber [123-123-1234],Mon Apr 25 00:00:00 KST 1988]
[DEBUG] [2021-05-11 15:10] testDataSource()
[DEBUG] [2021-05-11 15:10] DataSource HikariDataSource (HikariPool-1)
[DEBUG] [2021-05-11 15:10] LoginTimeout 30
[DEBUG] [2021-05-11 15:10] testSqlSessionFactory()
[DEBUG] [2021-05-11 15:10] session org.apache.ibatis.session.defaults.DefaultSqlSession@2f493f9f
[DEBUG] [2021-05-11 15:10] testSelectStudentByAll()
[DEBUG] [2021-05-11 15:10] ==>  Preparing: select stud_id, name, email, dob, phone from students
[DEBUG] [2021-05-11 15:10] ==> Parameters: 
[TRACE] [2021-05-11 15:10] <==    Columns: stud_id, name, email, dob, phone
[TRACE] [2021-05-11 15:10] <==        Row: 1, Timothy, timothy@gmail.com, 1988-04-25, 123-123-1234
[TRACE] [2021-05-11 15:10] <==        Row: 2, Douglas, douglas@gmail.com, 1990-08-15, 789-456-1234
[DEBUG] [2021-05-11 15:10] <==      Total: 2
[DEBUG] [2021-05-11 15:10] testSelectStudentByIdWithResultMap()
[DEBUG] [2021-05-11 15:10] ==>  Preparing: select stud_id, name, email, dob , substring(phone, 1, 3) as f , substring(phone, 5, 3) as m , substring(phone, 9, 4) as l from students where stud_id = ?
[DEBUG] [2021-05-11 15:10] ==> Parameters: 1(Integer)
[TRACE] [2021-05-11 15:10] <==    Columns: stud_id, name, email, dob, f, m, l
[TRACE] [2021-05-11 15:10] <==        Row: 1, Timothy, timothy@gmail.com, 1988-04-25, 123, 123, 1234
[DEBUG] [2021-05-11 15:10] <==      Total: 1
[DEBUG] [2021-05-11 15:10] Student [1,Timothy,timothy@gmail.com,PhoneNumber [123-123-1234],Mon Apr 25 00:00:00 KST 1988]
[DEBUG] [2021-05-11 15:10] testSelectStudentById()
[DEBUG] [2021-05-11 15:10] ==>  Preparing: select stud_id, name, email, dob, phone from students WHERE stud_id = ?
[DEBUG] [2021-05-11 15:10] ==> Parameters: 1(Integer)
[TRACE] [2021-05-11 15:10] <==    Columns: stud_id, name, email, dob, phone
[TRACE] [2021-05-11 15:10] <==        Row: 1, Timothy, timothy@gmail.com, 1988-04-25, 123-123-1234
[DEBUG] [2021-05-11 15:10] <==      Total: 1
[DEBUG] [2021-05-11 15:10] Student [1,Timothy,timothy@gmail.com,PhoneNumber [123-123-1234],Mon Apr 25 00:00:00 KST 1988]
[DEBUG] [2021-05-11 15:15] testDataSource()
[DEBUG] [2021-05-11 15:15] DataSource HikariDataSource (HikariPool-1)
[DEBUG] [2021-05-11 15:15] LoginTimeout 30
[DEBUG] [2021-05-11 15:15] testSqlSessionFactory()
[DEBUG] [2021-05-11 15:15] session org.apache.ibatis.session.defaults.DefaultSqlSession@1b1a658f
[DEBUG] [2021-05-11 15:15] testSelectStudentByAll()
[DEBUG] [2021-05-11 15:15] ==>  Preparing: select stud_id, name, email, dob, phone from students
[DEBUG] [2021-05-11 15:15] ==> Parameters: 
[TRACE] [2021-05-11 15:15] <==    Columns: stud_id, name, email, dob, phone
[TRACE] [2021-05-11 15:15] <==        Row: 1, Timothy, timothy@gmail.com, 1988-04-25, 123-123-1234
[TRACE] [2021-05-11 15:15] <==        Row: 2, Douglas, douglas@gmail.com, 1990-08-15, 789-456-1234
[DEBUG] [2021-05-11 15:15] <==      Total: 2
[DEBUG] [2021-05-11 15:15] testInsertStudent()
[DEBUG] [2021-05-11 15:15] ==>  Preparing: insert into students(stud_id, name, email, phone, dob) values(?, ?, ?, ?, ?
[DEBUG] [2021-05-11 15:15] ==> Parameters: 3(Integer), È«±æµ¿3(String), lee@test.co.kr(String), PhoneNumber [010-1234-1234](String), 1990-03-28 15:15:37.813(Timestamp)
[DEBUG] [2021-05-11 15:15] testSelectStudentByIdWithResultMap()
[DEBUG] [2021-05-11 15:15] ==>  Preparing: select stud_id, name, email, dob , substring(phone, 1, 3) as f , substring(phone, 5, 3) as m , substring(phone, 9, 4) as l from students where stud_id = ?
[DEBUG] [2021-05-11 15:15] ==> Parameters: 1(Integer)
[TRACE] [2021-05-11 15:15] <==    Columns: stud_id, name, email, dob, f, m, l
[TRACE] [2021-05-11 15:15] <==        Row: 1, Timothy, timothy@gmail.com, 1988-04-25, 123, 123, 1234
[DEBUG] [2021-05-11 15:15] <==      Total: 1
[DEBUG] [2021-05-11 15:15] Student [1,Timothy,timothy@gmail.com,PhoneNumber [123-123-1234],Mon Apr 25 00:00:00 KST 1988]
[DEBUG] [2021-05-11 15:15] testSelectStudentById()
[DEBUG] [2021-05-11 15:15] ==>  Preparing: select stud_id, name, email, dob, phone from students WHERE stud_id = ?
[DEBUG] [2021-05-11 15:15] ==> Parameters: 1(Integer)
[TRACE] [2021-05-11 15:15] <==    Columns: stud_id, name, email, dob, phone
[TRACE] [2021-05-11 15:15] <==        Row: 1, Timothy, timothy@gmail.com, 1988-04-25, 123-123-1234
[DEBUG] [2021-05-11 15:15] <==      Total: 1
[DEBUG] [2021-05-11 15:15] Student [1,Timothy,timothy@gmail.com,PhoneNumber [123-123-1234],Mon Apr 25 00:00:00 KST 1988]
[DEBUG] [2021-05-11 15:16] testSelectStudentByAll()
[DEBUG] [2021-05-11 15:16] ==>  Preparing: select stud_id, name, email, dob, phone from students
[DEBUG] [2021-05-11 15:16] ==> Parameters: 
[TRACE] [2021-05-11 15:16] <==    Columns: stud_id, name, email, dob, phone
[TRACE] [2021-05-11 15:16] <==        Row: 1, Timothy, timothy@gmail.com, 1988-04-25, 123-123-1234
[TRACE] [2021-05-11 15:16] <==        Row: 2, Douglas, douglas@gmail.com, 1990-08-15, 789-456-1234
[DEBUG] [2021-05-11 15:16] <==      Total: 2
[DEBUG] [2021-05-11 15:16] testInsertStudent()
[DEBUG] [2021-05-11 15:16] ==>  Preparing: insert into students(stud_id, name, email, phone, dob) values(?, ?, ?, ?, ?)
[DEBUG] [2021-05-11 15:16] ==> Parameters: 3(Integer), È«±æµ¿3(String), lee@test.co.kr(String), PhoneNumber [010-1234-1234](String), 1990-03-28 15:16:32.388(Timestamp)
[DEBUG] [2021-05-11 15:16] testSelectStudentByIdWithResultMap()
[DEBUG] [2021-05-11 15:16] ==>  Preparing: select stud_id, name, email, dob , substring(phone, 1, 3) as f , substring(phone, 5, 3) as m , substring(phone, 9, 4) as l from students where stud_id = ?
[DEBUG] [2021-05-11 15:16] ==> Parameters: 1(Integer)
[TRACE] [2021-05-11 15:16] <==    Columns: stud_id, name, email, dob, f, m, l
[TRACE] [2021-05-11 15:16] <==        Row: 1, Timothy, timothy@gmail.com, 1988-04-25, 123, 123, 1234
[DEBUG] [2021-05-11 15:16] <==      Total: 1
[DEBUG] [2021-05-11 15:16] Student [1,Timothy,timothy@gmail.com,PhoneNumber [123-123-1234],Mon Apr 25 00:00:00 KST 1988]
[DEBUG] [2021-05-11 15:16] testSelectStudentById()
[DEBUG] [2021-05-11 15:16] ==>  Preparing: select stud_id, name, email, dob, phone from students WHERE stud_id = ?
[DEBUG] [2021-05-11 15:16] ==> Parameters: 1(Integer)
[TRACE] [2021-05-11 15:16] <==    Columns: stud_id, name, email, dob, phone
[TRACE] [2021-05-11 15:16] <==        Row: 1, Timothy, timothy@gmail.com, 1988-04-25, 123-123-1234
[DEBUG] [2021-05-11 15:16] <==      Total: 1
[DEBUG] [2021-05-11 15:16] Student [1,Timothy,timothy@gmail.com,PhoneNumber [123-123-1234],Mon Apr 25 00:00:00 KST 1988]
[DEBUG] [2021-05-11 15:16] testDataSource()
[DEBUG] [2021-05-11 15:16] DataSource HikariDataSource (HikariPool-1)
[DEBUG] [2021-05-11 15:16] LoginTimeout 30
[DEBUG] [2021-05-11 15:16] testSqlSessionFactory()
[DEBUG] [2021-05-11 15:16] session org.apache.ibatis.session.defaults.DefaultSqlSession@126aea00
[DEBUG] [2021-05-11 15:18] testSelectStudentByAll()
[DEBUG] [2021-05-11 15:18] ==>  Preparing: select stud_id, name, email, dob, phone from students
[DEBUG] [2021-05-11 15:18] ==> Parameters: 
[TRACE] [2021-05-11 15:18] <==    Columns: stud_id, name, email, dob, phone
[TRACE] [2021-05-11 15:18] <==        Row: 1, Timothy, timothy@gmail.com, 1988-04-25, 123-123-1234
[TRACE] [2021-05-11 15:18] <==        Row: 2, Douglas, douglas@gmail.com, 1990-08-15, 789-456-1234
[DEBUG] [2021-05-11 15:18] <==      Total: 2
[DEBUG] [2021-05-11 15:18] testInsertStudent()
[DEBUG] [2021-05-11 15:18] ==>  Preparing: insert into students(stud_id, name, email, phone, dob) values(?, ?, ?, ?, ?)
[DEBUG] [2021-05-11 15:18] ==> Parameters: 3(Integer), È«±æµ¿3(String), lee@test.co.kr(String), PhoneNumber [010-1234-1234](String), 1990-03-28 15:18:40.653(Timestamp)
[DEBUG] [2021-05-11 15:18] testSelectStudentByIdWithResultMap()
[DEBUG] [2021-05-11 15:18] ==>  Preparing: select stud_id, name, email, dob , substring(phone, 1, 3) as f , substring(phone, 5, 3) as m , substring(phone, 9, 4) as l from students where stud_id = ?
[DEBUG] [2021-05-11 15:18] ==> Parameters: 1(Integer)
[TRACE] [2021-05-11 15:18] <==    Columns: stud_id, name, email, dob, f, m, l
[TRACE] [2021-05-11 15:18] <==        Row: 1, Timothy, timothy@gmail.com, 1988-04-25, 123, 123, 1234
[DEBUG] [2021-05-11 15:18] <==      Total: 1
[DEBUG] [2021-05-11 15:18] Student [1,Timothy,timothy@gmail.com,PhoneNumber [123-123-1234],Mon Apr 25 00:00:00 KST 1988]
[DEBUG] [2021-05-11 15:18] testSelectStudentById()
[DEBUG] [2021-05-11 15:18] ==>  Preparing: select stud_id, name, email, dob, phone from students WHERE stud_id = ?
[DEBUG] [2021-05-11 15:18] ==> Parameters: 1(Integer)
[TRACE] [2021-05-11 15:18] <==    Columns: stud_id, name, email, dob, phone
[TRACE] [2021-05-11 15:18] <==        Row: 1, Timothy, timothy@gmail.com, 1988-04-25, 123-123-1234
[DEBUG] [2021-05-11 15:18] <==      Total: 1
[DEBUG] [2021-05-11 15:18] Student [1,Timothy,timothy@gmail.com,PhoneNumber [123-123-1234],Mon Apr 25 00:00:00 KST 1988]
[DEBUG] [2021-05-11 15:18] testDataSource()
[DEBUG] [2021-05-11 15:18] DataSource HikariDataSource (HikariPool-1)
[DEBUG] [2021-05-11 15:18] LoginTimeout 30
[DEBUG] [2021-05-11 15:18] testSqlSessionFactory()
[DEBUG] [2021-05-11 15:18] session org.apache.ibatis.session.defaults.DefaultSqlSession@126aea00
[DEBUG] [2021-05-11 15:22] testSelectStudentByAll()
[DEBUG] [2021-05-11 15:22] ==>  Preparing: select stud_id, name, email, dob, phone from students
[DEBUG] [2021-05-11 15:22] ==> Parameters: 
[TRACE] [2021-05-11 15:22] <==    Columns: stud_id, name, email, dob, phone
[TRACE] [2021-05-11 15:22] <==        Row: 1, Timothy, timothy@gmail.com, 1988-04-25, 123-123-1234
[TRACE] [2021-05-11 15:22] <==        Row: 2, Douglas, douglas@gmail.com, 1990-08-15, 789-456-1234
[DEBUG] [2021-05-11 15:22] <==      Total: 2
[DEBUG] [2021-05-11 15:22] testInsertStudent()
[DEBUG] [2021-05-11 15:22] ==>  Preparing: insert into students(stud_id, name, email, phone, dob) values(?, ?, ?, ?, ?)
[DEBUG] [2021-05-11 15:22] ==> Parameters: 3(Integer), È«±æµ¿3(String), lee@test.co.kr(String), PhoneNumber [010-1234-1234](String), 1990-03-28 15:22:59.813(Timestamp)
[DEBUG] [2021-05-11 15:22] testSelectStudentByIdWithResultMap()
[DEBUG] [2021-05-11 15:22] ==>  Preparing: select stud_id, name, email, dob , substring(phone, 1, 3) as f , substring(phone, 5, 3) as m , substring(phone, 9, 4) as l from students where stud_id = ?
[DEBUG] [2021-05-11 15:22] ==> Parameters: 1(Integer)
[TRACE] [2021-05-11 15:22] <==    Columns: stud_id, name, email, dob, f, m, l
[TRACE] [2021-05-11 15:22] <==        Row: 1, Timothy, timothy@gmail.com, 1988-04-25, 123, 123, 1234
[DEBUG] [2021-05-11 15:22] <==      Total: 1
[DEBUG] [2021-05-11 15:22] Student [1,Timothy,timothy@gmail.com,PhoneNumber [123-123-1234],Mon Apr 25 00:00:00 KST 1988]
[DEBUG] [2021-05-11 15:22] testSelectStudentById()
[DEBUG] [2021-05-11 15:22] ==>  Preparing: select stud_id, name, email, dob, phone from students WHERE stud_id = ?
[DEBUG] [2021-05-11 15:22] ==> Parameters: 1(Integer)
[TRACE] [2021-05-11 15:22] <==    Columns: stud_id, name, email, dob, phone
[TRACE] [2021-05-11 15:22] <==        Row: 1, Timothy, timothy@gmail.com, 1988-04-25, 123-123-1234
[DEBUG] [2021-05-11 15:22] <==      Total: 1
[DEBUG] [2021-05-11 15:22] Student [1,Timothy,timothy@gmail.com,PhoneNumber [123-123-1234],Mon Apr 25 00:00:00 KST 1988]
[DEBUG] [2021-05-11 15:22] testDataSource()
[DEBUG] [2021-05-11 15:22] DataSource HikariDataSource (HikariPool-1)
[DEBUG] [2021-05-11 15:22] LoginTimeout 30
[DEBUG] [2021-05-11 15:22] testSqlSessionFactory()
[DEBUG] [2021-05-11 15:22] session org.apache.ibatis.session.defaults.DefaultSqlSession@126aea00
[DEBUG] [2021-05-11 15:25] testSelectStudentByAll()
[DEBUG] [2021-05-11 15:25] ==>  Preparing: select stud_id, name, email, dob, phone from students
[DEBUG] [2021-05-11 15:25] ==> Parameters: 
[TRACE] [2021-05-11 15:25] <==    Columns: stud_id, name, email, dob, phone
[TRACE] [2021-05-11 15:25] <==        Row: 1, Timothy, timothy@gmail.com, 1988-04-25, 123-123-1234
[TRACE] [2021-05-11 15:25] <==        Row: 2, Douglas, douglas@gmail.com, 1990-08-15, 789-456-1234
[DEBUG] [2021-05-11 15:25] <==      Total: 2
[DEBUG] [2021-05-11 15:25] testInsertStudent()
[DEBUG] [2021-05-11 15:25] ==>  Preparing: insert into students(stud_id, name, email, phone, dob) values(?, ?, ?, ?, ?)
[DEBUG] [2021-05-11 15:25] ==> Parameters: 3(Integer), È«±æµ¿3(String), lee@test.co.kr(String), PhoneNumber [010-123-1234](String), 1990-03-28 15:25:58.86(Timestamp)
[DEBUG] [2021-05-11 15:25] testSelectStudentByIdWithResultMap()
[DEBUG] [2021-05-11 15:25] ==>  Preparing: select stud_id, name, email, dob , substring(phone, 1, 3) as f , substring(phone, 5, 3) as m , substring(phone, 9, 4) as l from students where stud_id = ?
[DEBUG] [2021-05-11 15:25] ==> Parameters: 1(Integer)
[TRACE] [2021-05-11 15:25] <==    Columns: stud_id, name, email, dob, f, m, l
[TRACE] [2021-05-11 15:25] <==        Row: 1, Timothy, timothy@gmail.com, 1988-04-25, 123, 123, 1234
[DEBUG] [2021-05-11 15:25] <==      Total: 1
[DEBUG] [2021-05-11 15:25] Student [1,Timothy,timothy@gmail.com,PhoneNumber [123-123-1234],Mon Apr 25 00:00:00 KST 1988]
[DEBUG] [2021-05-11 15:25] testSelectStudentById()
[DEBUG] [2021-05-11 15:25] ==>  Preparing: select stud_id, name, email, dob, phone from students WHERE stud_id = ?
[DEBUG] [2021-05-11 15:25] ==> Parameters: 1(Integer)
[TRACE] [2021-05-11 15:25] <==    Columns: stud_id, name, email, dob, phone
[TRACE] [2021-05-11 15:25] <==        Row: 1, Timothy, timothy@gmail.com, 1988-04-25, 123-123-1234
[DEBUG] [2021-05-11 15:25] <==      Total: 1
[DEBUG] [2021-05-11 15:25] Student [1,Timothy,timothy@gmail.com,PhoneNumber [123-123-1234],Mon Apr 25 00:00:00 KST 1988]
[DEBUG] [2021-05-11 15:25] testDataSource()
[DEBUG] [2021-05-11 15:25] DataSource HikariDataSource (HikariPool-1)
[DEBUG] [2021-05-11 15:25] LoginTimeout 30
[DEBUG] [2021-05-11 15:25] testSqlSessionFactory()
[DEBUG] [2021-05-11 15:25] session org.apache.ibatis.session.defaults.DefaultSqlSession@37c58d41
[DEBUG] [2021-05-11 15:35] test01SelectStudentById()
[DEBUG] [2021-05-11 15:35] ==>  Preparing: select stud_id, name, email, dob, phone from students WHERE stud_id = ?
[DEBUG] [2021-05-11 15:35] ==> Parameters: 1(Integer)
[TRACE] [2021-05-11 15:35] <==    Columns: stud_id, name, email, dob, phone
[TRACE] [2021-05-11 15:35] <==        Row: 1, Timothy, timothy@gmail.com, 1988-04-25, 123-123-1234
[DEBUG] [2021-05-11 15:35] <==      Total: 1
[DEBUG] [2021-05-11 15:35] Student [1,Timothy,timothy@gmail.com,PhoneNumber [123-123-1234],Mon Apr 25 00:00:00 KST 1988]
[DEBUG] [2021-05-11 15:35] test02SelectStudentByIdWithResultMap()
[DEBUG] [2021-05-11 15:35] ==>  Preparing: select stud_id, name, email, dob , substring(phone, 1, 3) as f , substring(phone, 5, 3) as m , substring(phone, 9, 4) as l from students where stud_id = ?
[DEBUG] [2021-05-11 15:35] ==> Parameters: 1(Integer)
[TRACE] [2021-05-11 15:35] <==    Columns: stud_id, name, email, dob, f, m, l
[TRACE] [2021-05-11 15:35] <==        Row: 1, Timothy, timothy@gmail.com, 1988-04-25, 123, 123, 1234
[DEBUG] [2021-05-11 15:35] <==      Total: 1
[DEBUG] [2021-05-11 15:35] Student [1,Timothy,timothy@gmail.com,PhoneNumber [123-123-1234],Mon Apr 25 00:00:00 KST 1988]
[DEBUG] [2021-05-11 15:35] test03SelectStudentByAll()
[DEBUG] [2021-05-11 15:35] ==>  Preparing: select stud_id, name, email, dob, phone from students
[DEBUG] [2021-05-11 15:35] ==> Parameters: 
[TRACE] [2021-05-11 15:35] <==    Columns: stud_id, name, email, dob, phone
[TRACE] [2021-05-11 15:35] <==        Row: 1, Timothy, timothy@gmail.com, 1988-04-25, 123-123-1234
[TRACE] [2021-05-11 15:35] <==        Row: 2, Douglas, douglas@gmail.com, 1990-08-15, 789-456-1234
[DEBUG] [2021-05-11 15:35] <==      Total: 2
[DEBUG] [2021-05-11 15:35] test04InsertStudent()
[DEBUG] [2021-05-11 15:35] ==>  Preparing: insert into students(stud_id, name, email, phone, dob) values(?, ?, ?, ?, ?)
[DEBUG] [2021-05-11 15:35] ==> Parameters: 3(Integer), È«±æµ¿3(String), lee@test.co.kr(String), PhoneNumber [010-1234-1234](String), 1990-03-28 15:35:39.222(Timestamp)
[DEBUG] [2021-05-11 15:35] test05DeleteStudent()
[DEBUG] [2021-05-11 15:35] ==>  Preparing: delete from students where stud_id = ?
[DEBUG] [2021-05-11 15:35] ==> Parameters: 3(Integer)
[DEBUG] [2021-05-11 15:35] <==    Updates: 0
[DEBUG] [2021-05-11 15:35] testDataSource()
[DEBUG] [2021-05-11 15:35] DataSource HikariDataSource (HikariPool-1)
[DEBUG] [2021-05-11 15:35] LoginTimeout 30
[DEBUG] [2021-05-11 15:35] testSqlSessionFactory()
[DEBUG] [2021-05-11 15:35] session org.apache.ibatis.session.defaults.DefaultSqlSession@6cc97b22
[DEBUG] [2021-05-11 15:37] test01SelectStudentById()
[DEBUG] [2021-05-11 15:37] ==>  Preparing: select stud_id, name, email, dob, phone from students WHERE stud_id = ?
[DEBUG] [2021-05-11 15:37] ==> Parameters: 1(Integer)
[TRACE] [2021-05-11 15:37] <==    Columns: stud_id, name, email, dob, phone
[TRACE] [2021-05-11 15:37] <==        Row: 1, Timothy, timothy@gmail.com, 1988-04-25, 123-123-1234
[DEBUG] [2021-05-11 15:37] <==      Total: 1
[DEBUG] [2021-05-11 15:37] Student [1,Timothy,timothy@gmail.com,PhoneNumber [123-123-1234],Mon Apr 25 00:00:00 KST 1988]
[DEBUG] [2021-05-11 15:37] test02SelectStudentByIdWithResultMap()
[DEBUG] [2021-05-11 15:37] ==>  Preparing: select stud_id, name, email, dob , substring(phone, 1, 3) as f , substring(phone, 5, 3) as m , substring(phone, 9, 4) as l from students where stud_id = ?
[DEBUG] [2021-05-11 15:37] ==> Parameters: 1(Integer)
[TRACE] [2021-05-11 15:37] <==    Columns: stud_id, name, email, dob, f, m, l
[TRACE] [2021-05-11 15:37] <==        Row: 1, Timothy, timothy@gmail.com, 1988-04-25, 123, 123, 1234
[DEBUG] [2021-05-11 15:37] <==      Total: 1
[DEBUG] [2021-05-11 15:37] Student [1,Timothy,timothy@gmail.com,PhoneNumber [123-123-1234],Mon Apr 25 00:00:00 KST 1988]
[DEBUG] [2021-05-11 15:37] test03SelectStudentByAll()
[DEBUG] [2021-05-11 15:37] ==>  Preparing: select stud_id, name, email, dob, phone from students
[DEBUG] [2021-05-11 15:37] ==> Parameters: 
[TRACE] [2021-05-11 15:37] <==    Columns: stud_id, name, email, dob, phone
[TRACE] [2021-05-11 15:37] <==        Row: 1, Timothy, timothy@gmail.com, 1988-04-25, 123-123-1234
[TRACE] [2021-05-11 15:37] <==        Row: 2, Douglas, douglas@gmail.com, 1990-08-15, 789-456-1234
[DEBUG] [2021-05-11 15:37] <==      Total: 2
[DEBUG] [2021-05-11 15:37] test04DeleteStudent()
[DEBUG] [2021-05-11 15:37] ==>  Preparing: delete from students where stud_id = ?
[DEBUG] [2021-05-11 15:37] ==> Parameters: 3(Integer)
[DEBUG] [2021-05-11 15:37] <==    Updates: 0
[DEBUG] [2021-05-11 15:37] test05InsertStudent()
[DEBUG] [2021-05-11 15:37] ==>  Preparing: insert into students(stud_id, name, email, phone, dob) values(?, ?, ?, ?, ?)
[DEBUG] [2021-05-11 15:37] ==> Parameters: 3(Integer), È«±æµ¿3(String), lee@test.co.kr(String), PhoneNumber [010-1234-1234](String), 1990-03-28 15:37:26.135(Timestamp)
[DEBUG] [2021-05-11 15:37] testDataSource()
[DEBUG] [2021-05-11 15:37] DataSource HikariDataSource (HikariPool-1)
[DEBUG] [2021-05-11 15:37] LoginTimeout 30
[DEBUG] [2021-05-11 15:37] testSqlSessionFactory()
[DEBUG] [2021-05-11 15:37] session org.apache.ibatis.session.defaults.DefaultSqlSession@6cc97b22
[DEBUG] [2021-05-11 15:38] test01SelectStudentById()
[DEBUG] [2021-05-11 15:38] ==>  Preparing: select stud_id, name, email, dob, phone from students WHERE stud_id = ?
[DEBUG] [2021-05-11 15:38] ==> Parameters: 1(Integer)
[TRACE] [2021-05-11 15:38] <==    Columns: stud_id, name, email, dob, phone
[TRACE] [2021-05-11 15:38] <==        Row: 1, Timothy, timothy@gmail.com, 1988-04-25, 123-123-1234
[DEBUG] [2021-05-11 15:38] <==      Total: 1
[DEBUG] [2021-05-11 15:38] Student [1,Timothy,timothy@gmail.com,PhoneNumber [123-123-1234],Mon Apr 25 00:00:00 KST 1988]
[DEBUG] [2021-05-11 15:38] test02SelectStudentByIdWithResultMap()
[DEBUG] [2021-05-11 15:38] ==>  Preparing: select stud_id, name, email, dob , substring(phone, 1, 3) as f , substring(phone, 5, 3) as m , substring(phone, 9, 4) as l from students where stud_id = ?
[DEBUG] [2021-05-11 15:38] ==> Parameters: 1(Integer)
[TRACE] [2021-05-11 15:38] <==    Columns: stud_id, name, email, dob, f, m, l
[TRACE] [2021-05-11 15:38] <==        Row: 1, Timothy, timothy@gmail.com, 1988-04-25, 123, 123, 1234
[DEBUG] [2021-05-11 15:38] <==      Total: 1
[DEBUG] [2021-05-11 15:38] Student [1,Timothy,timothy@gmail.com,PhoneNumber [123-123-1234],Mon Apr 25 00:00:00 KST 1988]
[DEBUG] [2021-05-11 15:38] test03SelectStudentByAll()
[DEBUG] [2021-05-11 15:38] ==>  Preparing: select stud_id, name, email, dob, phone from students
[DEBUG] [2021-05-11 15:38] ==> Parameters: 
[TRACE] [2021-05-11 15:38] <==    Columns: stud_id, name, email, dob, phone
[TRACE] [2021-05-11 15:38] <==        Row: 1, Timothy, timothy@gmail.com, 1988-04-25, 123-123-1234
[TRACE] [2021-05-11 15:38] <==        Row: 2, Douglas, douglas@gmail.com, 1990-08-15, 789-456-1234
[DEBUG] [2021-05-11 15:38] <==      Total: 2
[DEBUG] [2021-05-11 15:38] test04InsertStudent()
[DEBUG] [2021-05-11 15:38] ==>  Preparing: insert into students(stud_id, name, email, phone, dob) values(?, ?, ?, ?, ?)
[DEBUG] [2021-05-11 15:38] ==> Parameters: 3(Integer), È«±æµ¿3(String), lee@test.co.kr(String), PhoneNumber [010-1234-1234](String), 1990-03-28 15:38:16.037(Timestamp)
[DEBUG] [2021-05-11 15:38] testDataSource()
[DEBUG] [2021-05-11 15:38] DataSource HikariDataSource (HikariPool-1)
[DEBUG] [2021-05-11 15:38] LoginTimeout 30
[DEBUG] [2021-05-11 15:38] testSqlSessionFactory()
[DEBUG] [2021-05-11 15:38] session org.apache.ibatis.session.defaults.DefaultSqlSession@31b86c3e
[DEBUG] [2021-05-11 15:38] test01SelectStudentById()
[DEBUG] [2021-05-11 15:38] ==>  Preparing: select stud_id, name, email, dob, phone from students WHERE stud_id = ?
[DEBUG] [2021-05-11 15:38] ==> Parameters: 1(Integer)
[TRACE] [2021-05-11 15:38] <==    Columns: stud_id, name, email, dob, phone
[TRACE] [2021-05-11 15:38] <==        Row: 1, Timothy, timothy@gmail.com, 1988-04-25, 123-123-1234
[DEBUG] [2021-05-11 15:38] <==      Total: 1
[DEBUG] [2021-05-11 15:38] Student [1,Timothy,timothy@gmail.com,PhoneNumber [123-123-1234],Mon Apr 25 00:00:00 KST 1988]
[DEBUG] [2021-05-11 15:38] test02SelectStudentByIdWithResultMap()
[DEBUG] [2021-05-11 15:38] ==>  Preparing: select stud_id, name, email, dob , substring(phone, 1, 3) as f , substring(phone, 5, 3) as m , substring(phone, 9, 4) as l from students where stud_id = ?
[DEBUG] [2021-05-11 15:38] ==> Parameters: 1(Integer)
[TRACE] [2021-05-11 15:38] <==    Columns: stud_id, name, email, dob, f, m, l
[TRACE] [2021-05-11 15:38] <==        Row: 1, Timothy, timothy@gmail.com, 1988-04-25, 123, 123, 1234
[DEBUG] [2021-05-11 15:38] <==      Total: 1
[DEBUG] [2021-05-11 15:38] Student [1,Timothy,timothy@gmail.com,PhoneNumber [123-123-1234],Mon Apr 25 00:00:00 KST 1988]
[DEBUG] [2021-05-11 15:38] test03SelectStudentByAll()
[DEBUG] [2021-05-11 15:38] ==>  Preparing: select stud_id, name, email, dob, phone from students
[DEBUG] [2021-05-11 15:38] ==> Parameters: 
[TRACE] [2021-05-11 15:38] <==    Columns: stud_id, name, email, dob, phone
[TRACE] [2021-05-11 15:38] <==        Row: 1, Timothy, timothy@gmail.com, 1988-04-25, 123-123-1234
[TRACE] [2021-05-11 15:38] <==        Row: 2, Douglas, douglas@gmail.com, 1990-08-15, 789-456-1234
[DEBUG] [2021-05-11 15:38] <==      Total: 2
[DEBUG] [2021-05-11 15:38] test04InsertStudent()
[DEBUG] [2021-05-11 15:38] ==>  Preparing: insert into students(stud_id, name, email, phone, dob) values(?, ?, ?, ?, ?)
[DEBUG] [2021-05-11 15:38] ==> Parameters: 3(Integer), È«±æµ¿3(String), lee@test.co.kr(String), PhoneNumber [010-1234-1234](String), 1990-03-28 15:38:46.761(Timestamp)
[DEBUG] [2021-05-11 15:38] test05DeleteStudent()
[DEBUG] [2021-05-11 15:38] ==>  Preparing: delete from students where stud_id = ?
[DEBUG] [2021-05-11 15:38] ==> Parameters: 3(Integer)
[DEBUG] [2021-05-11 15:38] <==    Updates: 0
[DEBUG] [2021-05-11 15:38] testDataSource()
[DEBUG] [2021-05-11 15:38] DataSource HikariDataSource (HikariPool-1)
[DEBUG] [2021-05-11 15:38] LoginTimeout 30
[DEBUG] [2021-05-11 15:38] testSqlSessionFactory()
[DEBUG] [2021-05-11 15:38] session org.apache.ibatis.session.defaults.DefaultSqlSession@6cc97b22
[DEBUG] [2021-05-11 15:39] test01SelectStudentById()
[DEBUG] [2021-05-11 15:39] ==>  Preparing: select stud_id, name, email, dob, phone from students WHERE stud_id = ?
[DEBUG] [2021-05-11 15:39] ==> Parameters: 1(Integer)
[TRACE] [2021-05-11 15:39] <==    Columns: stud_id, name, email, dob, phone
[TRACE] [2021-05-11 15:39] <==        Row: 1, Timothy, timothy@gmail.com, 1988-04-25, 123-123-1234
[DEBUG] [2021-05-11 15:39] <==      Total: 1
[DEBUG] [2021-05-11 15:39] Student [1,Timothy,timothy@gmail.com,PhoneNumber [123-123-1234],Mon Apr 25 00:00:00 KST 1988]
[DEBUG] [2021-05-11 15:39] test02SelectStudentByIdWithResultMap()
[DEBUG] [2021-05-11 15:39] ==>  Preparing: select stud_id, name, email, dob , substring(phone, 1, 3) as f , substring(phone, 5, 3) as m , substring(phone, 9, 4) as l from students where stud_id = ?
[DEBUG] [2021-05-11 15:39] ==> Parameters: 1(Integer)
[TRACE] [2021-05-11 15:39] <==    Columns: stud_id, name, email, dob, f, m, l
[TRACE] [2021-05-11 15:39] <==        Row: 1, Timothy, timothy@gmail.com, 1988-04-25, 123, 123, 1234
[DEBUG] [2021-05-11 15:39] <==      Total: 1
[DEBUG] [2021-05-11 15:39] Student [1,Timothy,timothy@gmail.com,PhoneNumber [123-123-1234],Mon Apr 25 00:00:00 KST 1988]
[DEBUG] [2021-05-11 15:39] test03SelectStudentByAll()
[DEBUG] [2021-05-11 15:39] ==>  Preparing: select stud_id, name, email, dob, phone from students
[DEBUG] [2021-05-11 15:39] ==> Parameters: 
[TRACE] [2021-05-11 15:39] <==    Columns: stud_id, name, email, dob, phone
[TRACE] [2021-05-11 15:39] <==        Row: 1, Timothy, timothy@gmail.com, 1988-04-25, 123-123-1234
[TRACE] [2021-05-11 15:39] <==        Row: 2, Douglas, douglas@gmail.com, 1990-08-15, 789-456-1234
[DEBUG] [2021-05-11 15:39] <==      Total: 2
[DEBUG] [2021-05-11 15:39] test04InsertStudent()
[DEBUG] [2021-05-11 15:39] ==>  Preparing: insert into students(stud_id, name, email, phone, dob) values(?, ?, ?, ?, ?)
[DEBUG] [2021-05-11 15:39] ==> Parameters: 3(Integer), È«±æµ¿3(String), lee@test.co.kr(String), PhoneNumber [010-1234-1234](String), 1990-03-28 15:39:29.834(Timestamp)
[DEBUG] [2021-05-11 15:39] test05DeleteStudent()
[DEBUG] [2021-05-11 15:39] ==>  Preparing: delete from students where stud_id = ?
[DEBUG] [2021-05-11 15:39] ==> Parameters: 3(Integer)
[DEBUG] [2021-05-11 15:39] <==    Updates: 0
[DEBUG] [2021-05-11 15:39] testDataSource()
[DEBUG] [2021-05-11 15:39] DataSource HikariDataSource (HikariPool-1)
[DEBUG] [2021-05-11 15:39] LoginTimeout 30
[DEBUG] [2021-05-11 15:39] testSqlSessionFactory()
[DEBUG] [2021-05-11 15:39] session org.apache.ibatis.session.defaults.DefaultSqlSession@6cc97b22
[DEBUG] [2021-05-11 15:43] test01SelectStudentById()
[DEBUG] [2021-05-11 15:43] ==>  Preparing: select stud_id, name, email, dob, phone from students WHERE stud_id = ?
[DEBUG] [2021-05-11 15:43] ==> Parameters: 1(Integer)
[TRACE] [2021-05-11 15:43] <==    Columns: stud_id, name, email, dob, phone
[TRACE] [2021-05-11 15:43] <==        Row: 1, Timothy, timothy@gmail.com, 1988-04-25, 123-123-1234
[DEBUG] [2021-05-11 15:43] <==      Total: 1
[DEBUG] [2021-05-11 15:43] Student [1,Timothy,timothy@gmail.com,123-123-1234,Mon Apr 25 00:00:00 KST 1988]
[DEBUG] [2021-05-11 15:43] test02SelectStudentByIdWithResultMap()
[DEBUG] [2021-05-11 15:43] ==>  Preparing: select stud_id, name, email, dob , substring(phone, 1, 3) as f , substring(phone, 5, 3) as m , substring(phone, 9, 4) as l from students where stud_id = ?
[DEBUG] [2021-05-11 15:43] ==> Parameters: 1(Integer)
[TRACE] [2021-05-11 15:43] <==    Columns: stud_id, name, email, dob, f, m, l
[TRACE] [2021-05-11 15:43] <==        Row: 1, Timothy, timothy@gmail.com, 1988-04-25, 123, 123, 1234
[DEBUG] [2021-05-11 15:43] <==      Total: 1
[DEBUG] [2021-05-11 15:43] Student [1,Timothy,timothy@gmail.com,123-123-1234,Mon Apr 25 00:00:00 KST 1988]
[DEBUG] [2021-05-11 15:43] test03SelectStudentByAll()
[DEBUG] [2021-05-11 15:43] ==>  Preparing: select stud_id, name, email, dob, phone from students
[DEBUG] [2021-05-11 15:43] ==> Parameters: 
[TRACE] [2021-05-11 15:43] <==    Columns: stud_id, name, email, dob, phone
[TRACE] [2021-05-11 15:43] <==        Row: 1, Timothy, timothy@gmail.com, 1988-04-25, 123-123-1234
[TRACE] [2021-05-11 15:43] <==        Row: 2, Douglas, douglas@gmail.com, 1990-08-15, 789-456-1234
[DEBUG] [2021-05-11 15:43] <==      Total: 2
[DEBUG] [2021-05-11 15:43] test04InsertStudent()
[DEBUG] [2021-05-11 15:43] ==>  Preparing: insert into students(stud_id, name, email, phone, dob) values(?, ?, ?, ?, ?)
[DEBUG] [2021-05-11 15:43] ==> Parameters: 3(Integer), È«±æµ¿3(String), lee@test.co.kr(String), 010-1234-1234(String), 1990-03-28 15:43:49.25(Timestamp)
[DEBUG] [2021-05-11 15:43] <==    Updates: 1
[DEBUG] [2021-05-11 15:43] res> 1
[DEBUG] [2021-05-11 15:43] test05DeleteStudent()
[DEBUG] [2021-05-11 15:43] ==>  Preparing: delete from students where stud_id = ?
[DEBUG] [2021-05-11 15:43] ==> Parameters: 3(Integer)
[DEBUG] [2021-05-11 15:43] <==    Updates: 1
[DEBUG] [2021-05-11 15:43] testDataSource()
[DEBUG] [2021-05-11 15:43] DataSource HikariDataSource (HikariPool-1)
[DEBUG] [2021-05-11 15:43] LoginTimeout 30
[DEBUG] [2021-05-11 15:43] testSqlSessionFactory()
[DEBUG] [2021-05-11 15:43] session org.apache.ibatis.session.defaults.DefaultSqlSession@6db9eca4
[DEBUG] [2021-05-11 16:00] testDataSource()
[DEBUG] [2021-05-11 16:00] DataSource HikariDataSource (HikariPool-1)
[DEBUG] [2021-05-11 16:00] LoginTimeout 30
[DEBUG] [2021-05-11 16:00] testSqlSessionFactory()
[DEBUG] [2021-05-11 16:00] session org.apache.ibatis.session.defaults.DefaultSqlSession@65fb8b4f
[DEBUG] [2021-05-11 16:00] test01SelectStudentById()
[DEBUG] [2021-05-11 16:00] ==>  Preparing: select stud_id, name, email, dob, phone from students WHERE stud_id = ?
[DEBUG] [2021-05-11 16:00] ==> Parameters: 1(Integer)
[TRACE] [2021-05-11 16:00] <==    Columns: stud_id, name, email, dob, phone
[TRACE] [2021-05-11 16:00] <==        Row: 1, Timothy, timothy@gmail.com, 1988-04-25, 123-123-1234
[DEBUG] [2021-05-11 16:00] <==      Total: 1
[DEBUG] [2021-05-11 16:00] Student [1,Timothy,timothy@gmail.com,123-123-1234,Mon Apr 25 00:00:00 KST 1988]
[DEBUG] [2021-05-11 16:00] test02SelectStudentByIdWithResultMap()
[DEBUG] [2021-05-11 16:00] ==>  Preparing: select stud_id, name, email, dob , substring(phone, 1, 3) as f , substring(phone, 5, 3) as m , substring(phone, 9, 4) as l from students where stud_id = ?
[DEBUG] [2021-05-11 16:00] ==> Parameters: 1(Integer)
[TRACE] [2021-05-11 16:00] <==    Columns: stud_id, name, email, dob, f, m, l
[TRACE] [2021-05-11 16:00] <==        Row: 1, Timothy, timothy@gmail.com, 1988-04-25, 123, 123, 1234
[DEBUG] [2021-05-11 16:00] <==      Total: 1
[DEBUG] [2021-05-11 16:00] Student [1,Timothy,timothy@gmail.com,123-123-1234,Mon Apr 25 00:00:00 KST 1988]
[DEBUG] [2021-05-11 16:00] test03SelectStudentByAll()
[DEBUG] [2021-05-11 16:00] ==>  Preparing: select stud_id, name, email, dob, phone from students
[DEBUG] [2021-05-11 16:00] ==> Parameters: 
[TRACE] [2021-05-11 16:00] <==    Columns: stud_id, name, email, dob, phone
[TRACE] [2021-05-11 16:00] <==        Row: 1, Timothy, timothy@gmail.com, 1988-04-25, 123-123-1234
[TRACE] [2021-05-11 16:00] <==        Row: 2, Douglas, douglas@gmail.com, 1990-08-15, 789-456-1234
[DEBUG] [2021-05-11 16:00] <==      Total: 2
[DEBUG] [2021-05-11 16:00] test04InsertStudent()
[DEBUG] [2021-05-11 16:00] ==>  Preparing: insert into students(stud_id, name, email, phone, dob) values(?, ?, ?, ?, ?)
[DEBUG] [2021-05-11 16:00] ==> Parameters: 3(Integer), È«±æµ¿3(String), lee@test.co.kr(String), 010-1234-1234(String), 1990-03-28 16:00:01.563(Timestamp)
[DEBUG] [2021-05-11 16:00] <==    Updates: 1
[DEBUG] [2021-05-11 16:00] res> 1
[DEBUG] [2021-05-11 16:00] test05UpdateStudent()
[DEBUG] [2021-05-11 16:00] ==>  Preparing: update students set name=?, email=?,phone=?, dob=? where stud_id=?
[DEBUG] [2021-05-11 16:00] ==> Parameters: Timothy(String), test@test.co.kr(String), 987-654-3211(String), 2021-05-11 16:00:01.57(Timestamp), 1(Integer)
[DEBUG] [2021-05-11 16:00] <==    Updates: 1
[DEBUG] [2021-05-11 16:00] ==>  Preparing: update students set name=?, email=?,phone=?, dob=? where stud_id=?
[DEBUG] [2021-05-11 16:00] ==> Parameters: Timothy(String), timothy@gmail.com(String), 123-123-1234(String), 1988-05-25 00:00:00.0(Timestamp), 1(Integer)
[DEBUG] [2021-05-11 16:00] <==    Updates: 1
[DEBUG] [2021-05-11 16:00] test06DeleteStudent()
[DEBUG] [2021-05-11 16:00] ==>  Preparing: delete from students where stud_id = ?
[DEBUG] [2021-05-11 16:00] ==> Parameters: 3(Integer)
[DEBUG] [2021-05-11 16:00] <==    Updates: 1
[DEBUG] [2021-05-11 16:14] testDataSource()
[DEBUG] [2021-05-11 16:14] DataSource HikariDataSource (HikariPool-1)
[DEBUG] [2021-05-11 16:14] LoginTimeout 30
[DEBUG] [2021-05-11 16:14] testSqlSessionFactory()
[DEBUG] [2021-05-11 16:14] session org.apache.ibatis.session.defaults.DefaultSqlSession@65fb8b4f
[DEBUG] [2021-05-11 16:14] test01SelectStudentById()
[DEBUG] [2021-05-11 16:14] ==>  Preparing: select stud_id, name, email, dob, phone from students WHERE stud_id = ?
[DEBUG] [2021-05-11 16:14] ==> Parameters: 1(Integer)
[TRACE] [2021-05-11 16:14] <==    Columns: stud_id, name, email, dob, phone
[TRACE] [2021-05-11 16:14] <==        Row: 1, Timothy, timothy@gmail.com, 1988-05-25, 123-123-1234
[DEBUG] [2021-05-11 16:14] <==      Total: 1
[DEBUG] [2021-05-11 16:14] Student [1,Timothy,timothy@gmail.com,123-123-1234,Wed May 25 00:00:00 KDT 1988]
[DEBUG] [2021-05-11 16:14] test02SelectStudentByIdWithResultMap()
[DEBUG] [2021-05-11 16:14] ==>  Preparing: select stud_id, name, email, dob , substring(phone, 1, 3) as f , substring(phone, 5, 3) as m , substring(phone, 9, 4) as l from students where stud_id = ?
[DEBUG] [2021-05-11 16:14] ==> Parameters: 1(Integer)
[TRACE] [2021-05-11 16:14] <==    Columns: stud_id, name, email, dob, f, m, l
[TRACE] [2021-05-11 16:14] <==        Row: 1, Timothy, timothy@gmail.com, 1988-05-25, 123, 123, 1234
[DEBUG] [2021-05-11 16:14] <==      Total: 1
[DEBUG] [2021-05-11 16:14] Student [1,Timothy,timothy@gmail.com,123-123-1234,Wed May 25 00:00:00 KDT 1988]
[DEBUG] [2021-05-11 16:14] test03SelectStudentByAll()
[DEBUG] [2021-05-11 16:14] ==>  Preparing: select stud_id, name, email, dob, phone from students
[DEBUG] [2021-05-11 16:14] ==> Parameters: 
[TRACE] [2021-05-11 16:14] <==    Columns: stud_id, name, email, dob, phone
[TRACE] [2021-05-11 16:14] <==        Row: 1, Timothy, timothy@gmail.com, 1988-05-25, 123-123-1234
[TRACE] [2021-05-11 16:14] <==        Row: 2, Douglas, douglas@gmail.com, 1990-08-15, 789-456-1234
[DEBUG] [2021-05-11 16:14] <==      Total: 2
[DEBUG] [2021-05-11 16:14] test04InsertStudent()
[DEBUG] [2021-05-11 16:14] ==>  Preparing: insert into students(stud_id, name, email, phone, dob) values(?, ?, ?, ?, ?)
[DEBUG] [2021-05-11 16:14] ==> Parameters: 3(Integer), È«±æµ¿3(String), lee@test.co.kr(String), 010-1234-1234(String), 1990-03-28 16:14:41.471(Timestamp)
[DEBUG] [2021-05-11 16:14] <==    Updates: 1
[DEBUG] [2021-05-11 16:14] res> 1
[DEBUG] [2021-05-11 16:14] test05UpdateStudent()
[DEBUG] [2021-05-11 16:14] ==>  Preparing: update students set name=?, email=?,phone=?, dob=? where stud_id=?
[DEBUG] [2021-05-11 16:14] ==> Parameters: Timothy(String), test@test.co.kr(String), 987-654-3211(String), 2021-05-11 16:14:41.479(Timestamp), 1(Integer)
[DEBUG] [2021-05-11 16:14] <==    Updates: 1
[DEBUG] [2021-05-11 16:14] ==>  Preparing: update students set name=?, email=?,phone=?, dob=? where stud_id=?
[DEBUG] [2021-05-11 16:14] ==> Parameters: Timothy(String), timothy@gmail.com(String), 123-123-1234(String), 1988-05-25 00:00:00.0(Timestamp), 1(Integer)
[DEBUG] [2021-05-11 16:14] <==    Updates: 1
[DEBUG] [2021-05-11 16:14] test06DeleteStudent()
[DEBUG] [2021-05-11 16:14] ==>  Preparing: delete from students where stud_id = ?
[DEBUG] [2021-05-11 16:14] ==> Parameters: 3(Integer)
[DEBUG] [2021-05-11 16:14] <==    Updates: 1
[DEBUG] [2021-05-11 16:14] test07SelectStudentByAllForHashMap()
[DEBUG] [2021-05-11 16:14] ==>  Preparing: select stud_id, name, email, dob, phone from students
[DEBUG] [2021-05-11 16:14] ==> Parameters: 
[TRACE] [2021-05-11 16:14] <==    Columns: stud_id, name, email, dob, phone
[TRACE] [2021-05-11 16:14] <==        Row: 1, Timothy, timothy@gmail.com, 1988-05-25, 123-123-1234
[TRACE] [2021-05-11 16:14] <==        Row: 2, Douglas, douglas@gmail.com, 1990-08-15, 789-456-1234
[DEBUG] [2021-05-11 16:14] <==      Total: 2
[DEBUG] [2021-05-11 16:14] stud_id -> 1
[DEBUG] [2021-05-11 16:14] phone -> 123-123-1234
[DEBUG] [2021-05-11 16:14] dob -> 1988-05-25
[DEBUG] [2021-05-11 16:14] name -> Timothy
[DEBUG] [2021-05-11 16:14] email -> timothy@gmail.com
[DEBUG] [2021-05-11 16:14] stud_id -> 2
[DEBUG] [2021-05-11 16:14] phone -> 789-456-1234
[DEBUG] [2021-05-11 16:14] dob -> 1990-08-15
[DEBUG] [2021-05-11 16:14] name -> Douglas
[DEBUG] [2021-05-11 16:14] email -> douglas@gmail.com
[DEBUG] [2021-05-11 17:03] testDataSource()
[DEBUG] [2021-05-11 17:03] DataSource HikariDataSource (HikariPool-1)
[DEBUG] [2021-05-11 17:03] LoginTimeout 30
[DEBUG] [2021-05-11 17:03] testSqlSessionFactory()
[DEBUG] [2021-05-11 17:03] session org.apache.ibatis.session.defaults.DefaultSqlSession@4100e488
[DEBUG] [2021-05-11 17:03] test01SelectStudentById()
[DEBUG] [2021-05-11 17:03] ==>  Preparing: select stud_id, name, email, dob, phone from students WHERE stud_id = ?
[DEBUG] [2021-05-11 17:03] ==> Parameters: 1(Integer)
[TRACE] [2021-05-11 17:03] <==    Columns: stud_id, name, email, dob, phone
[TRACE] [2021-05-11 17:03] <==        Row: 1, Timothy, timothy@gmail.com, 1988-05-25, 123-123-1234
[DEBUG] [2021-05-11 17:03] <==      Total: 1
[DEBUG] [2021-05-11 17:03] Student [1,Timothy,timothy@gmail.com,123-123-1234,Wed May 25 00:00:00 KDT 1988,null]
[DEBUG] [2021-05-11 17:03] test02SelectStudentByIdWithResultMap()
[DEBUG] [2021-05-11 17:03] ==>  Preparing: select stud_id, name, email, dob , substring(phone, 1, 3) as f , substring(phone, 5, 3) as m , substring(phone, 9, 4) as l from students where stud_id = ?
[DEBUG] [2021-05-11 17:03] ==> Parameters: 1(Integer)
[TRACE] [2021-05-11 17:03] <==    Columns: stud_id, name, email, dob, f, m, l
[TRACE] [2021-05-11 17:03] <==        Row: 1, Timothy, timothy@gmail.com, 1988-05-25, 123, 123, 1234
[DEBUG] [2021-05-11 17:03] <==      Total: 1
[DEBUG] [2021-05-11 17:03] Student [1,Timothy,timothy@gmail.com,123-123-1234,Wed May 25 00:00:00 KDT 1988,null]
[DEBUG] [2021-05-11 17:03] test03SelectStudentByAll()
[DEBUG] [2021-05-11 17:03] ==>  Preparing: select stud_id, name, email, dob, phone from students
[DEBUG] [2021-05-11 17:03] ==> Parameters: 
[TRACE] [2021-05-11 17:03] <==    Columns: stud_id, name, email, dob, phone
[TRACE] [2021-05-11 17:03] <==        Row: 1, Timothy, timothy@gmail.com, 1988-05-25, 123-123-1234
[TRACE] [2021-05-11 17:03] <==        Row: 2, Douglas, douglas@gmail.com, 1990-08-15, 789-456-1234
[DEBUG] [2021-05-11 17:03] <==      Total: 2
[DEBUG] [2021-05-11 17:03] test04InsertStudent()
[DEBUG] [2021-05-11 17:03] ==>  Preparing: insert into students(stud_id, name, email, phone, dob) values(?, ?, ?, ?, ?)
[DEBUG] [2021-05-11 17:03] ==> Parameters: 3(Integer), È«±æµ¿3(String), lee@test.co.kr(String), 010-1234-1234(String), 1990-03-28 17:03:41.176(Timestamp)
[DEBUG] [2021-05-11 17:03] <==    Updates: 1
[DEBUG] [2021-05-11 17:03] res> 1
[DEBUG] [2021-05-11 17:03] test05UpdateStudent()
[DEBUG] [2021-05-11 17:03] ==>  Preparing: update students set name=?, email=?,phone=?, dob=? where stud_id=?
[DEBUG] [2021-05-11 17:03] ==> Parameters: Timothy(String), test@test.co.kr(String), 987-654-3211(String), 2021-05-11 17:03:41.182(Timestamp), 1(Integer)
[DEBUG] [2021-05-11 17:03] <==    Updates: 1
[DEBUG] [2021-05-11 17:03] ==>  Preparing: update students set name=?, email=?,phone=?, dob=? where stud_id=?
[DEBUG] [2021-05-11 17:03] ==> Parameters: Timothy(String), timothy@gmail.com(String), 123-123-1234(String), 1988-05-25 00:00:00.0(Timestamp), 1(Integer)
[DEBUG] [2021-05-11 17:03] <==    Updates: 1
[DEBUG] [2021-05-11 17:03] test06DeleteStudent()
[DEBUG] [2021-05-11 17:03] ==>  Preparing: delete from students where stud_id = ?
[DEBUG] [2021-05-11 17:03] ==> Parameters: 3(Integer)
[DEBUG] [2021-05-11 17:03] <==    Updates: 1
[DEBUG] [2021-05-11 17:03] test07SelectStudentByAllForHashMap()
[DEBUG] [2021-05-11 17:03] ==>  Preparing: select stud_id, name, email, dob, phone from students
[DEBUG] [2021-05-11 17:03] ==> Parameters: 
[TRACE] [2021-05-11 17:03] <==    Columns: stud_id, name, email, dob, phone
[TRACE] [2021-05-11 17:03] <==        Row: 1, Timothy, timothy@gmail.com, 1988-05-25, 123-123-1234
[TRACE] [2021-05-11 17:03] <==        Row: 2, Douglas, douglas@gmail.com, 1990-08-15, 789-456-1234
[DEBUG] [2021-05-11 17:03] <==      Total: 2
[DEBUG] [2021-05-11 17:03] stud_id -> 1
[DEBUG] [2021-05-11 17:03] phone -> 123-123-1234
[DEBUG] [2021-05-11 17:03] dob -> 1988-05-25
[DEBUG] [2021-05-11 17:03] name -> Timothy
[DEBUG] [2021-05-11 17:03] email -> timothy@gmail.com
[DEBUG] [2021-05-11 17:03] stud_id -> 2
[DEBUG] [2021-05-11 17:03] phone -> 789-456-1234
[DEBUG] [2021-05-11 17:03] dob -> 1990-08-15
[DEBUG] [2021-05-11 17:03] name -> Douglas
[DEBUG] [2021-05-11 17:03] email -> douglas@gmail.com
[DEBUG] [2021-05-11 17:03] test08SelectStudentByNoAssociation()
[DEBUG] [2021-05-11 17:03] ==>  Preparing: select stud_id, name, email, phone, dob, a.addr_id, street, city, state, zip, country from students s join addresses a on s.addr_id=a.addr_id where stud_id= ?
[DEBUG] [2021-05-11 17:03] ==> Parameters: 1(Integer)
[TRACE] [2021-05-11 17:03] <==    Columns: stud_id, name, email, phone, dob, addr_id, street, city, state, zip, country
[TRACE] [2021-05-11 17:03] <==        Row: 1, Timothy, timothy@gmail.com, 123-123-1234, 1988-05-25, 3, 710 N Cable Rd, Lima, OH, 45825, Allen
[DEBUG] [2021-05-11 17:03] <==      Total: 1
[DEBUG] [2021-05-11 17:03] Student [1,Timothy,timothy@gmail.com,123-123-1234,Wed May 25 00:00:00 KDT 1988,Address [3, 710 N Cable Rd, Lima, OH, 45825, null]]
